<?xml version="1.0" encoding="UTF-8"?>
<!-- Generated by org.testng.reporters.JUnitReportReporter -->
<testsuite hostname="LAPTOP-ZYZZ" failures="0" tests="4" name="com.tutorialsninja.qa.testcases.Register" time="16.590" errors="0" timestamp="2023-03-27T11:40:44 IST" skipped="0">
  <testcase classname="com.tutorialsninja.qa.testcases.Register" name="verifyRegisteringWithMandatorydFields" time="3.752"/>
  <system-out/>
  <testcase classname="com.tutorialsninja.qa.testcases.Register" name="verifyRegisteringWithAllFields" time="3.718"/>
  <system-out/>
  <testcase classname="com.tutorialsninja.qa.testcases.Register" name="verifyRegisteringWithExistingEmailAddress" time="6.060"/>
  <system-out/>
  <testcase classname="com.tutorialsninja.qa.testcases.Register" name="verifyRegisteringAccountWithoutFillingAnyDetails" time="3.060"/>
  <system-out/>
</testsuite> <!-- com.tutorialsninja.qa.testcases.Register -->
