<?xml version="1.0" encoding="UTF-8"?>
<!-- Generated by org.testng.reporters.JUnitReportReporter -->
<testsuite hostname="LAPTOP-ZYZZ" failures="0" tests="7" name="com.tutorialsninja.qa.testcases.Login" time="21.455" errors="0" timestamp="2023-03-27T11:40:44 IST" skipped="0">
  <testcase classname="com.tutorialsninja.qa.testcases.Login" name="verifyLoginWithValidCredentials" time="3.286"/>
  <system-out/>
  <testcase classname="com.tutorialsninja.qa.testcases.Login" name="verifyLoginWithValidCredentials" time="3.049"/>
  <system-out/>
  <testcase classname="com.tutorialsninja.qa.testcases.Login" name="verifyLoginWithValidCredentials" time="3.153"/>
  <system-out/>
  <testcase classname="com.tutorialsninja.qa.testcases.Login" name="verifyLoginwithInvalidCredentials" time="3.071"/>
  <system-out/>
  <testcase classname="com.tutorialsninja.qa.testcases.Login" name="verifyLoginwithInvalidEmailandValidPassword" time="3.093"/>
  <system-out/>
  <testcase classname="com.tutorialsninja.qa.testcases.Login" name="verifyLoginWithValidEmailandInvalidPassword" time="3.029"/>
  <system-out/>
  <testcase classname="com.tutorialsninja.qa.testcases.Login" name="verifyLoginWithoutProvidingCredentials" time="2.774"/>
  <system-out/>
</testsuite> <!-- com.tutorialsninja.qa.testcases.Login -->
