<?xml version="1.0" encoding="UTF-8"?>
<!-- Generated by org.testng.reporters.JUnitReportReporter -->
<testsuite hostname="LAPTOP-ZYZZ" failures="0" tests="3" name="com.tutorialsninja.qa.testcases.SearchTest" time="7.193" errors="0" timestamp="2023-03-31T10:29:52 IST" skipped="0">
  <testcase classname="com.tutorialsninja.qa.testcases.SearchTest" name="verifySearchingWithValidProduct" time="2.396"/>
  <system-out/>
  <testcase classname="com.tutorialsninja.qa.testcases.SearchTest" name="verifySearchingWithInvalidProduct" time="2.422"/>
  <system-out/>
  <testcase classname="com.tutorialsninja.qa.testcases.SearchTest" name="verifySearchingWithoutAnyProducts" time="2.375"/>
  <system-out/>
</testsuite> <!-- com.tutorialsninja.qa.testcases.SearchTest -->
